/*C1322*/SET SCHEMA PUBLIC
SET SCHEMA "PUBLIC"
INSERT INTO ATTENDEES VALUES('e02e5f2c-1cf0-4f03-98f5-961ceecb7d1d','Jos\u00e9 ','Zeze@gmail.com','536b05b2-b773-4268-b2d4-0acc2f4cff95','2024-04-06 22:48:35.018886')
COMMIT
DISCONNECT
/*C1323*/SET SCHEMA PUBLIC
DISCONNECT
/*C1324*/SET SCHEMA PUBLIC
DISCONNECT
/*C1325*/SET SCHEMA PUBLIC
DISCONNECT
/*C1326*/SET SCHEMA PUBLIC
DISCONNECT
/*C1327*/SET SCHEMA PUBLIC
DISCONNECT
/*C1328*/SET SCHEMA PUBLIC
DISCONNECT
/*C1329*/SET SCHEMA PUBLIC
DISCONNECT
/*C1330*/SET SCHEMA PUBLIC
DISCONNECT
/*C1331*/SET SCHEMA PUBLIC
DISCONNECT
/*C1332*/SET SCHEMA PUBLIC
SET SCHEMA "PUBLIC"
DISCONNECT
/*C1333*/SET SCHEMA PUBLIC
DISCONNECT
/*C1334*/SET SCHEMA PUBLIC
DISCONNECT
/*C1335*/SET SCHEMA PUBLIC
DISCONNECT
/*C1336*/SET SCHEMA PUBLIC
DISCONNECT
/*C1337*/SET SCHEMA PUBLIC
DISCONNECT
/*C1338*/SET SCHEMA PUBLIC
DISCONNECT
/*C1339*/SET SCHEMA PUBLIC
DISCONNECT
/*C1340*/SET SCHEMA PUBLIC
DISCONNECT
/*C1341*/SET SCHEMA PUBLIC
DISCONNECT
/*C1342*/SET SCHEMA PUBLIC
SET SCHEMA "PUBLIC"
DISCONNECT
/*C1343*/SET SCHEMA PUBLIC
DISCONNECT
/*C1344*/SET SCHEMA PUBLIC
DISCONNECT
/*C1345*/SET SCHEMA PUBLIC
DISCONNECT
/*C1346*/SET SCHEMA PUBLIC
DISCONNECT
/*C1347*/SET SCHEMA PUBLIC
DISCONNECT
/*C1348*/SET SCHEMA PUBLIC
DISCONNECT
/*C1349*/SET SCHEMA PUBLIC
DISCONNECT
/*C1350*/SET SCHEMA PUBLIC
DISCONNECT
/*C1351*/SET SCHEMA PUBLIC
DISCONNECT
/*C1352*/SET SCHEMA PUBLIC
SET SCHEMA "PUBLIC"
DISCONNECT
/*C1353*/SET SCHEMA PUBLIC
DISCONNECT
/*C1354*/SET SCHEMA PUBLIC
DISCONNECT
/*C1355*/SET SCHEMA PUBLIC
DISCONNECT
/*C1356*/SET SCHEMA PUBLIC
DISCONNECT
/*C1357*/SET SCHEMA PUBLIC
DISCONNECT
/*C1358*/SET SCHEMA PUBLIC
DISCONNECT
/*C1359*/SET SCHEMA PUBLIC
DISCONNECT
/*C1360*/SET SCHEMA PUBLIC
DISCONNECT
/*C1361*/SET SCHEMA PUBLIC
DISCONNECT
/*C1362*/SET SCHEMA PUBLIC
SET SCHEMA "PUBLIC"
DISCONNECT
/*C1363*/SET SCHEMA PUBLIC
DISCONNECT
/*C1364*/SET SCHEMA PUBLIC
DISCONNECT
/*C1365*/SET SCHEMA PUBLIC
DISCONNECT
/*C1366*/SET SCHEMA PUBLIC
DISCONNECT
/*C1367*/SET SCHEMA PUBLIC
DISCONNECT
/*C1368*/SET SCHEMA PUBLIC
DISCONNECT
/*C1369*/SET SCHEMA PUBLIC
DISCONNECT
/*C1370*/SET SCHEMA PUBLIC
DISCONNECT
/*C1371*/SET SCHEMA PUBLIC
DISCONNECT
/*C1372*/SET SCHEMA PUBLIC
SET SCHEMA "PUBLIC"
DISCONNECT
/*C1373*/SET SCHEMA PUBLIC
DISCONNECT
/*C1374*/SET SCHEMA PUBLIC
DISCONNECT
/*C1375*/SET SCHEMA PUBLIC
DISCONNECT
/*C1376*/SET SCHEMA PUBLIC
DISCONNECT
/*C1377*/SET SCHEMA PUBLIC
DISCONNECT
/*C1378*/SET SCHEMA PUBLIC
DISCONNECT
/*C1379*/SET SCHEMA PUBLIC
DISCONNECT
/*C1380*/SET SCHEMA PUBLIC
DISCONNECT
/*C1381*/SET SCHEMA PUBLIC
DISCONNECT
/*C1382*/SET SCHEMA PUBLIC
SET SCHEMA "PUBLIC"
DISCONNECT
/*C1383*/SET SCHEMA PUBLIC
DISCONNECT
/*C1384*/SET SCHEMA PUBLIC
DISCONNECT
/*C1385*/SET SCHEMA PUBLIC
DISCONNECT
/*C1386*/SET SCHEMA PUBLIC
DISCONNECT
/*C1387*/SET SCHEMA PUBLIC
DISCONNECT
/*C1388*/SET SCHEMA PUBLIC
DISCONNECT
/*C1389*/SET SCHEMA PUBLIC
DISCONNECT
/*C1390*/SET SCHEMA PUBLIC
DISCONNECT
/*C1391*/SET SCHEMA PUBLIC
DISCONNECT
/*C1392*/SET SCHEMA PUBLIC
SET SCHEMA "PUBLIC"
DISCONNECT
/*C1393*/SET SCHEMA PUBLIC
DISCONNECT
/*C1394*/SET SCHEMA PUBLIC
DISCONNECT
/*C1395*/SET SCHEMA PUBLIC
DISCONNECT
/*C1396*/SET SCHEMA PUBLIC
DISCONNECT
/*C1397*/SET SCHEMA PUBLIC
DISCONNECT
/*C1398*/SET SCHEMA PUBLIC
DISCONNECT
/*C1399*/SET SCHEMA PUBLIC
DISCONNECT
/*C1400*/SET SCHEMA PUBLIC
DISCONNECT
/*C1401*/SET SCHEMA PUBLIC
DISCONNECT
/*C1402*/SET SCHEMA PUBLIC
SET SCHEMA "PUBLIC"
DISCONNECT
/*C1403*/SET SCHEMA PUBLIC
DISCONNECT
/*C1404*/SET SCHEMA PUBLIC
DISCONNECT
/*C1405*/SET SCHEMA PUBLIC
DISCONNECT
/*C1406*/SET SCHEMA PUBLIC
DISCONNECT
/*C1407*/SET SCHEMA PUBLIC
DISCONNECT
/*C1408*/SET SCHEMA PUBLIC
DISCONNECT
/*C1409*/SET SCHEMA PUBLIC
DISCONNECT
/*C1410*/SET SCHEMA PUBLIC
DISCONNECT
/*C1411*/SET SCHEMA PUBLIC
DISCONNECT
/*C1412*/SET SCHEMA PUBLIC
SET SCHEMA "PUBLIC"
DISCONNECT
/*C1413*/SET SCHEMA PUBLIC
DISCONNECT
/*C1414*/SET SCHEMA PUBLIC
DISCONNECT
/*C1415*/SET SCHEMA PUBLIC
DISCONNECT
/*C1416*/SET SCHEMA PUBLIC
DISCONNECT
/*C1417*/SET SCHEMA PUBLIC
DISCONNECT
/*C1418*/SET SCHEMA PUBLIC
DISCONNECT
/*C1419*/SET SCHEMA PUBLIC
DISCONNECT
/*C1420*/SET SCHEMA PUBLIC
DISCONNECT
/*C1421*/SET SCHEMA PUBLIC
DISCONNECT
/*C1422*/SET SCHEMA PUBLIC
SET SCHEMA "PUBLIC"
DISCONNECT
/*C1423*/SET SCHEMA PUBLIC
DISCONNECT
/*C1424*/SET SCHEMA PUBLIC
DISCONNECT
/*C1425*/SET SCHEMA PUBLIC
DISCONNECT
/*C1426*/SET SCHEMA PUBLIC
DISCONNECT
/*C1427*/SET SCHEMA PUBLIC
DISCONNECT
/*C1428*/SET SCHEMA PUBLIC
DISCONNECT
/*C1429*/SET SCHEMA PUBLIC
DISCONNECT
/*C1430*/SET SCHEMA PUBLIC
DISCONNECT
/*C1431*/SET SCHEMA PUBLIC
DISCONNECT
/*C1432*/SET SCHEMA PUBLIC
SET SCHEMA "PUBLIC"
DISCONNECT
/*C1433*/SET SCHEMA PUBLIC
DISCONNECT
/*C1434*/SET SCHEMA PUBLIC
DISCONNECT
/*C1435*/SET SCHEMA PUBLIC
DISCONNECT
/*C1436*/SET SCHEMA PUBLIC
DISCONNECT
/*C1437*/SET SCHEMA PUBLIC
DISCONNECT
/*C1438*/SET SCHEMA PUBLIC
DISCONNECT
/*C1439*/SET SCHEMA PUBLIC
DISCONNECT
/*C1440*/SET SCHEMA PUBLIC
DISCONNECT
/*C1441*/SET SCHEMA PUBLIC
DISCONNECT
/*C1442*/SET SCHEMA PUBLIC
SET SCHEMA "PUBLIC"
DISCONNECT
/*C1443*/SET SCHEMA PUBLIC
DISCONNECT
/*C1444*/SET SCHEMA PUBLIC
DISCONNECT
/*C1445*/SET SCHEMA PUBLIC
DISCONNECT
/*C1446*/SET SCHEMA PUBLIC
DISCONNECT
/*C1447*/SET SCHEMA PUBLIC
DISCONNECT
/*C1448*/SET SCHEMA PUBLIC
DISCONNECT
/*C1449*/SET SCHEMA PUBLIC
DISCONNECT
/*C1450*/SET SCHEMA PUBLIC
DISCONNECT
/*C1451*/SET SCHEMA PUBLIC
DISCONNECT
/*C1452*/SET SCHEMA PUBLIC
SET SCHEMA "PUBLIC"
DISCONNECT
/*C1453*/SET SCHEMA PUBLIC
DISCONNECT
/*C1454*/SET SCHEMA PUBLIC
DISCONNECT
/*C1455*/SET SCHEMA PUBLIC
DISCONNECT
/*C1456*/SET SCHEMA PUBLIC
DISCONNECT
/*C1457*/SET SCHEMA PUBLIC
DISCONNECT
/*C1458*/SET SCHEMA PUBLIC
DISCONNECT
/*C1459*/SET SCHEMA PUBLIC
DISCONNECT
/*C1460*/SET SCHEMA PUBLIC
DISCONNECT
/*C1461*/SET SCHEMA PUBLIC
DISCONNECT
/*C1462*/SET SCHEMA PUBLIC
SET SCHEMA "PUBLIC"
DISCONNECT
/*C1463*/SET SCHEMA PUBLIC
DISCONNECT
/*C1464*/SET SCHEMA PUBLIC
DISCONNECT
/*C1465*/SET SCHEMA PUBLIC
DISCONNECT
/*C1466*/SET SCHEMA PUBLIC
DISCONNECT
/*C1467*/SET SCHEMA PUBLIC
DISCONNECT
/*C1468*/SET SCHEMA PUBLIC
DISCONNECT
/*C1469*/SET SCHEMA PUBLIC
DISCONNECT
/*C1470*/SET SCHEMA PUBLIC
DISCONNECT
/*C1471*/SET SCHEMA PUBLIC
DISCONNECT
